[0.038s] Invoking command in '/home/madi/robolab/build/serial': CMAKE_PREFIX_PATH=${CMAKE_PREFIX_PATH}:/opt/ros/humble /usr/bin/cmake --build /home/madi/robolab/build/serial -- -j4 -l4
[0.196s] [35m[1mConsolidate compiler generated dependencies of target serial[0m
[0.200s] [35m[1mConsolidate compiler generated dependencies of target gtest_main[0m
[0.201s] [35m[1mConsolidate compiler generated dependencies of target gtest[0m
[0.252s] [ 28%] Built target serial
[0.258s] [ 42%] Built target gtest
[0.284s] [ 57%] Built target gtest_main
[0.284s] [35m[1mConsolidate compiler generated dependencies of target serial_example[0m
[0.301s] [35m[1mConsolidate compiler generated dependencies of target serial-test[0m
[0.302s] [ 71%] Built target serial_example
[0.324s] [35m[1mConsolidate compiler generated dependencies of target serial-test-timer[0m
[0.367s] [ 85%] Built target serial-test
[0.367s] [100%] Built target serial-test-timer
[0.414s] Invoked command in '/home/madi/robolab/build/serial' returned '0': CMAKE_PREFIX_PATH=${CMAKE_PREFIX_PATH}:/opt/ros/humble /usr/bin/cmake --build /home/madi/robolab/build/serial -- -j4 -l4
[0.597s] Invoking command in '/home/madi/robolab/build/serial': CMAKE_PREFIX_PATH=${CMAKE_PREFIX_PATH}:/opt/ros/humble /usr/bin/cmake --install /home/madi/robolab/build/serial
[0.612s] -- Install configuration: ""
[0.615s] -- Execute custom install script
[0.624s] -- Up-to-date symlink: /home/madi/robolab/install/serial/lib/libserial.a
[0.624s] -- Up-to-date symlink: /home/madi/robolab/install/serial/include/serial/serial.h
[0.624s] -- Up-to-date symlink: /home/madi/robolab/install/serial/include/serial/v8stdint.h
[0.624s] -- Up-to-date symlink: /home/madi/robolab/install/serial/share/serial/environment/library_path.sh
[0.624s] -- Up-to-date symlink: /home/madi/robolab/install/serial/share/serial/environment/library_path.dsv
[0.624s] -- Up-to-date symlink: /home/madi/robolab/install/serial/share/ament_index/resource_index/package_run_dependencies/serial
[0.624s] -- Up-to-date symlink: /home/madi/robolab/install/serial/share/ament_index/resource_index/parent_prefix_path/serial
[0.624s] -- Up-to-date symlink: /home/madi/robolab/install/serial/share/serial/environment/ament_prefix_path.sh
[0.624s] -- Up-to-date symlink: /home/madi/robolab/install/serial/share/serial/environment/ament_prefix_path.dsv
[0.624s] -- Up-to-date symlink: /home/madi/robolab/install/serial/share/serial/environment/path.sh
[0.624s] -- Up-to-date symlink: /home/madi/robolab/install/serial/share/serial/environment/path.dsv
[0.624s] -- Up-to-date symlink: /home/madi/robolab/install/serial/share/serial/local_setup.bash
[0.624s] -- Up-to-date symlink: /home/madi/robolab/install/serial/share/serial/local_setup.sh
[0.624s] -- Up-to-date symlink: /home/madi/robolab/install/serial/share/serial/local_setup.zsh
[0.624s] -- Up-to-date symlink: /home/madi/robolab/install/serial/share/serial/local_setup.dsv
[0.625s] -- Symlinking: /home/madi/robolab/install/serial/share/serial/package.dsv
[0.637s] -- Up-to-date symlink: /home/madi/robolab/install/serial/share/ament_index/resource_index/packages/serial
[0.637s] -- Up-to-date symlink: /home/madi/robolab/install/serial/share/serial/cmake/ament_cmake_export_include_directories-extras.cmake
[0.637s] -- Up-to-date symlink: /home/madi/robolab/install/serial/share/serial/cmake/ament_cmake_export_libraries-extras.cmake
[0.637s] -- Up-to-date symlink: /home/madi/robolab/install/serial/share/serial/cmake/serialConfig.cmake
[0.638s] -- Up-to-date symlink: /home/madi/robolab/install/serial/share/serial/cmake/serialConfig-version.cmake
[0.638s] -- Up-to-date symlink: /home/madi/robolab/install/serial/share/serial/package.xml
[0.643s] Invoked command in '/home/madi/robolab/build/serial' returned '0': CMAKE_PREFIX_PATH=${CMAKE_PREFIX_PATH}:/opt/ros/humble /usr/bin/cmake --install /home/madi/robolab/build/serial
