[0.015s] Invoking command in '/home/madi/robolab/build/diffdrive_arduino': CMAKE_PREFIX_PATH=/home/madi/robolab/install/serial:/home/madi/robolab/install/serial_motor_demo_msgs:/home/madi/robolab/install/robolab:/home/madi/robolab/install/serial_motor_demo:/opt/ros/humble /usr/bin/cmake --build /home/madi/robolab/build/diffdrive_arduino -- -j4 -l4
[0.099s] [ 14%] [32mBuilding CXX object CMakeFiles/diffdrive_arduino.dir/src/diffdrive_arduino.cpp.o[0m
[0.099s] [ 28%] [32mBuilding CXX object CMakeFiles/fake_robot.dir/src/fake_robot.cpp.o[0m
[0.486s] In file included from [01m[K/home/madi/robolab/src/diffdrive_arduino/src/fake_robot.cpp:1[m[K:
[0.486s] [01m[K/home/madi/robolab/src/diffdrive_arduino/include/diffdrive_arduino/fake_robot.h:7:10:[m[K [01;31m[Kfatal error: [m[Khardware_interface/base_interface.hpp: No such file or directory
[0.486s]     7 | #include [01;31m[K"hardware_interface/base_interface.hpp"[m[K
[0.486s]       |          [01;31m[K^~~~~~~~~~~~~~~~~~~~~~~~~~~~~~~~~~~~~~~[m[K
[0.486s] compilation terminated.
[0.494s] gmake[2]: *** [CMakeFiles/fake_robot.dir/build.make:76: CMakeFiles/fake_robot.dir/src/fake_robot.cpp.o] Error 1
[0.494s] gmake[1]: *** [CMakeFiles/Makefile2:165: CMakeFiles/fake_robot.dir/all] Error 2
[0.494s] gmake[1]: *** Waiting for unfinished jobs....
[0.535s] In file included from [01m[K/home/madi/robolab/src/diffdrive_arduino/src/diffdrive_arduino.cpp:1[m[K:
[0.535s] [01m[K/home/madi/robolab/src/diffdrive_arduino/include/diffdrive_arduino/diffdrive_arduino.h:7:10:[m[K [01;31m[Kfatal error: [m[Khardware_interface/base_interface.hpp: No such file or directory
[0.535s]     7 | #include [01;31m[K"hardware_interface/base_interface.hpp"[m[K
[0.535s]       |          [01;31m[K^~~~~~~~~~~~~~~~~~~~~~~~~~~~~~~~~~~~~~~[m[K
[0.535s] compilation terminated.
[0.539s] gmake[2]: *** [CMakeFiles/diffdrive_arduino.dir/build.make:76: CMakeFiles/diffdrive_arduino.dir/src/diffdrive_arduino.cpp.o] Error 1
[0.539s] gmake[1]: *** [CMakeFiles/Makefile2:139: CMakeFiles/diffdrive_arduino.dir/all] Error 2
[0.547s] gmake: *** [Makefile:146: all] Error 2
[0.548s] Invoked command in '/home/madi/robolab/build/diffdrive_arduino' returned '2': CMAKE_PREFIX_PATH=/home/madi/robolab/install/serial:/home/madi/robolab/install/serial_motor_demo_msgs:/home/madi/robolab/install/robolab:/home/madi/robolab/install/serial_motor_demo:/opt/ros/humble /usr/bin/cmake --build /home/madi/robolab/build/diffdrive_arduino -- -j4 -l4
