[0.033s] Invoking command in '/home/madi/robolab/build/robolab': CMAKE_PREFIX_PATH=/opt/ros/humble /usr/bin/cmake /home/madi/robolab/src/robolab -DAMENT_CMAKE_SYMLINK_INSTALL=1 -DCMAKE_INSTALL_PREFIX=/home/madi/robolab/install/robolab
[0.241s] -- The C compiler identification is GNU 11.4.0
[0.402s] -- The CXX compiler identification is GNU 11.4.0
[0.439s] -- Detecting C compiler ABI info
[0.679s] -- Detecting C compiler ABI info - done
[0.700s] -- Check for working C compiler: /usr/bin/cc - skipped
[0.702s] -- Detecting C compile features
[0.703s] -- Detecting C compile features - done
[0.716s] -- Detecting CXX compiler ABI info
[0.998s] -- Detecting CXX compiler ABI info - done
[1.045s] -- Check for working CXX compiler: /usr/bin/c++ - skipped
[1.046s] -- Detecting CXX compile features
[1.049s] -- Detecting CXX compile features - done
[1.059s] -- Found ament_cmake: 1.3.8 (/opt/ros/humble/share/ament_cmake/cmake)
[1.622s] -- Found Python3: /usr/bin/python3 (found version "3.10.12") found components: Interpreter 
[1.860s] -- Override CMake install command with custom implementation using symlinks instead of copying resources
[1.953s] -- Found ament_lint_auto: 0.12.10 (/opt/ros/humble/share/ament_lint_auto/cmake)
[2.273s] -- Added test 'copyright' to check source files copyright and LICENSE
[2.289s] -- Added test 'flake8' to check Python code syntax and style conventions
[2.292s] -- Added test 'lint_cmake' to check CMake code style
[2.295s] -- Added test 'pep257' to check Python code against some of the docstring style conventions in PEP 257
[2.302s] -- Added test 'xmllint' to check XML markup files
[2.307s] -- Configuring done
[2.316s] -- Generating done
[2.319s] -- Build files have been written to: /home/madi/robolab/build/robolab
[2.333s] Invoked command in '/home/madi/robolab/build/robolab' returned '0': CMAKE_PREFIX_PATH=/opt/ros/humble /usr/bin/cmake /home/madi/robolab/src/robolab -DAMENT_CMAKE_SYMLINK_INSTALL=1 -DCMAKE_INSTALL_PREFIX=/home/madi/robolab/install/robolab
[2.340s] Invoking command in '/home/madi/robolab/build/robolab': CMAKE_PREFIX_PATH=/opt/ros/humble /usr/bin/cmake --build /home/madi/robolab/build/robolab -- -j2 -l2
[2.501s] Invoked command in '/home/madi/robolab/build/robolab' returned '0': CMAKE_PREFIX_PATH=/opt/ros/humble /usr/bin/cmake --build /home/madi/robolab/build/robolab -- -j2 -l2
[2.610s] Invoking command in '/home/madi/robolab/build/robolab': CMAKE_PREFIX_PATH=/opt/ros/humble /usr/bin/cmake --install /home/madi/robolab/build/robolab
[2.648s] -- Install configuration: ""
[2.651s] -- Execute custom install script
[2.654s] -- Symlinking: /home/madi/robolab/install/robolab/share/robolab/config/ball_tracker_params_robot.yaml
[2.691s] -- Symlinking: /home/madi/robolab/install/robolab/share/robolab/config/ball_tracker_params_sim.yaml
[2.730s] -- Symlinking: /home/madi/robolab/install/robolab/share/robolab/config/drive_bot.rviz
[2.767s] -- Symlinking: /home/madi/robolab/install/robolab/share/robolab/config/empty.yaml
[2.801s] -- Symlinking: /home/madi/robolab/install/robolab/share/robolab/config/gaz_ros2_ctl_use_sim.yaml
[2.837s] -- Symlinking: /home/madi/robolab/install/robolab/share/robolab/config/gazebo_params.yaml
[2.868s] -- Symlinking: /home/madi/robolab/install/robolab/share/robolab/config/joystick.yaml
[2.906s] -- Symlinking: /home/madi/robolab/install/robolab/share/robolab/config/main.rviz
[2.946s] -- Symlinking: /home/madi/robolab/install/robolab/share/robolab/config/map.rviz
[2.984s] -- Symlinking: /home/madi/robolab/install/robolab/share/robolab/config/mapper_params_online_async.yaml
[3.013s] -- Symlinking: /home/madi/robolab/install/robolab/share/robolab/config/my_controllers.yaml
[3.041s] -- Symlinking: /home/madi/robolab/install/robolab/share/robolab/config/nav2_params.yaml
[3.076s] -- Symlinking: /home/madi/robolab/install/robolab/share/robolab/config/twist_mux.yaml
[3.103s] -- Symlinking: /home/madi/robolab/install/robolab/share/robolab/config/view_bot.rviz
[3.131s] -- Symlinking: /home/madi/robolab/install/robolab/share/robolab/description/camera.xacro
[3.158s] -- Symlinking: /home/madi/robolab/install/robolab/share/robolab/description/depth_camera.xacro
[3.182s] -- Symlinking: /home/madi/robolab/install/robolab/share/robolab/description/face.xacro
[3.207s] -- Symlinking: /home/madi/robolab/install/robolab/share/robolab/description/gazebo_control.xacro
[3.234s] -- Symlinking: /home/madi/robolab/install/robolab/share/robolab/description/inertial_macros.xacro
[3.260s] -- Symlinking: /home/madi/robolab/install/robolab/share/robolab/description/lidar.xacro
[3.295s] -- Symlinking: /home/madi/robolab/install/robolab/share/robolab/description/robot.urdf.xacro
[3.335s] -- Symlinking: /home/madi/robolab/install/robolab/share/robolab/description/robot_core.xacro
[3.372s] -- Symlinking: /home/madi/robolab/install/robolab/share/robolab/description/ros2_control.xacro
[3.408s] -- Symlinking: /home/madi/robolab/install/robolab/share/robolab/launch/ball_tracker.launch.py
[3.448s] -- Symlinking: /home/madi/robolab/install/robolab/share/robolab/launch/camera.launch.py
[3.485s] -- Symlinking: /home/madi/robolab/install/robolab/share/robolab/launch/joystick.launch.py
[3.515s] -- Symlinking: /home/madi/robolab/install/robolab/share/robolab/launch/launch_robot.launch.py
[3.546s] -- Symlinking: /home/madi/robolab/install/robolab/share/robolab/launch/launch_sim.launch.py
[3.583s] -- Symlinking: /home/madi/robolab/install/robolab/share/robolab/launch/localization_launch.py
[3.624s] -- Symlinking: /home/madi/robolab/install/robolab/share/robolab/launch/navigation_launch.py
[3.660s] -- Symlinking: /home/madi/robolab/install/robolab/share/robolab/launch/online_async_launch.py
[3.696s] -- Symlinking: /home/madi/robolab/install/robolab/share/robolab/launch/rplidar.launch.py
[3.736s] -- Symlinking: /home/madi/robolab/install/robolab/share/robolab/launch/rsp.launch.py
[3.772s] -- Symlinking: /home/madi/robolab/install/robolab/share/robolab/worlds/empty.world
[3.817s] -- Symlinking: /home/madi/robolab/install/robolab/share/robolab/worlds/obstacles.world
[3.843s] -- Symlinking: /home/madi/robolab/install/robolab/share/ament_index/resource_index/package_run_dependencies/robolab
[3.879s] -- Symlinking: /home/madi/robolab/install/robolab/share/ament_index/resource_index/parent_prefix_path/robolab
[3.903s] -- Symlinking: /home/madi/robolab/install/robolab/share/robolab/environment/ament_prefix_path.sh
[3.942s] -- Symlinking: /home/madi/robolab/install/robolab/share/robolab/environment/ament_prefix_path.dsv
[3.978s] -- Symlinking: /home/madi/robolab/install/robolab/share/robolab/environment/path.sh
[4.012s] -- Symlinking: /home/madi/robolab/install/robolab/share/robolab/environment/path.dsv
[4.045s] -- Symlinking: /home/madi/robolab/install/robolab/share/robolab/local_setup.bash
[4.070s] -- Symlinking: /home/madi/robolab/install/robolab/share/robolab/local_setup.sh
[4.095s] -- Symlinking: /home/madi/robolab/install/robolab/share/robolab/local_setup.zsh
[4.126s] -- Symlinking: /home/madi/robolab/install/robolab/share/robolab/local_setup.dsv
[4.155s] -- Symlinking: /home/madi/robolab/install/robolab/share/robolab/package.dsv
[4.183s] -- Symlinking: /home/madi/robolab/install/robolab/share/ament_index/resource_index/packages/robolab
[4.209s] -- Symlinking: /home/madi/robolab/install/robolab/share/robolab/cmake/robolabConfig.cmake
[4.234s] -- Symlinking: /home/madi/robolab/install/robolab/share/robolab/cmake/robolabConfig-version.cmake
[4.259s] -- Symlinking: /home/madi/robolab/install/robolab/share/robolab/package.xml
[4.291s] Invoked command in '/home/madi/robolab/build/robolab' returned '0': CMAKE_PREFIX_PATH=/opt/ros/humble /usr/bin/cmake --install /home/madi/robolab/build/robolab
