[4.087s] DEBUG:colcon:Command line arguments: ['/usr/bin/colcon', 'build', '--symlink-install']
[4.087s] DEBUG:colcon:Parsed command line arguments: Namespace(log_base=None, log_level=None, verb_name='build', build_base='build', install_base='install', merge_install=False, symlink_install=True, test_result_base=None, continue_on_error=False, executor='parallel', parallel_workers=4, event_handlers=None, ignore_user_meta=False, metas=['./colcon.meta'], base_paths=['.'], packages_ignore=None, packages_ignore_regex=None, paths=None, packages_up_to=None, packages_up_to_regex=None, packages_above=None, packages_above_and_dependencies=None, packages_above_depth=None, packages_select_by_dep=None, packages_skip_by_dep=None, packages_skip_up_to=None, packages_select_build_failed=False, packages_skip_build_finished=False, packages_select_test_failures=False, packages_skip_test_passed=False, packages_select=None, packages_skip=None, packages_select_regex=None, packages_skip_regex=None, packages_start=None, packages_end=None, allow_overriding=[], cmake_args=None, cmake_target=None, cmake_target_skip_unavailable=False, cmake_clean_cache=False, cmake_clean_first=False, cmake_force_configure=False, ament_cmake_args=None, catkin_cmake_args=None, catkin_skip_building_tests=False, mixin_files=None, mixin=None, verb_parser=<colcon_mixin.mixin.mixin_argument.MixinArgumentDecorator object at 0x792f626465c0>, verb_extension=<colcon_core.verb.build.BuildVerb object at 0x792f62756bf0>, main=<bound method BuildVerb.main of <colcon_core.verb.build.BuildVerb object at 0x792f62756bf0>>, mixin_verb=('build',))
[4.503s] Level 1:colcon.colcon_core.package_discovery:discover_packages(colcon_meta) check parameters
[4.504s] Level 1:colcon.colcon_core.package_discovery:discover_packages(recursive) check parameters
[4.504s] Level 1:colcon.colcon_core.package_discovery:discover_packages(ignore) check parameters
[4.504s] Level 1:colcon.colcon_core.package_discovery:discover_packages(path) check parameters
[4.504s] Level 1:colcon.colcon_core.package_discovery:discover_packages(colcon_meta) discover
[4.504s] Level 1:colcon.colcon_core.package_discovery:discover_packages(recursive) discover
[4.504s] INFO:colcon.colcon_core.package_discovery:Crawling recursively for packages in '/home/madi/robolab'
[4.504s] Level 1:colcon.colcon_core.package_identification:_identify(.) by extensions ['ignore', 'ignore_ament_install']
[4.504s] Level 1:colcon.colcon_core.package_identification:_identify(.) by extension 'ignore'
[4.504s] Level 1:colcon.colcon_core.package_identification:_identify(.) by extension 'ignore_ament_install'
[4.504s] Level 1:colcon.colcon_core.package_identification:_identify(.) by extensions ['colcon_pkg']
[4.504s] Level 1:colcon.colcon_core.package_identification:_identify(.) by extension 'colcon_pkg'
[4.504s] Level 1:colcon.colcon_core.package_identification:_identify(.) by extensions ['colcon_meta']
[4.504s] Level 1:colcon.colcon_core.package_identification:_identify(.) by extension 'colcon_meta'
[4.504s] Level 1:colcon.colcon_core.package_identification:_identify(.) by extensions ['ros']
[4.504s] Level 1:colcon.colcon_core.package_identification:_identify(.) by extension 'ros'
[4.527s] Level 1:colcon.colcon_core.package_identification:_identify(.) by extensions ['cmake', 'python']
[4.527s] Level 1:colcon.colcon_core.package_identification:_identify(.) by extension 'cmake'
[4.527s] Level 1:colcon.colcon_core.package_identification:_identify(.) by extension 'python'
[4.527s] Level 1:colcon.colcon_core.package_identification:_identify(.) by extensions ['python_setup_py']
[4.527s] Level 1:colcon.colcon_core.package_identification:_identify(.) by extension 'python_setup_py'
[4.527s] Level 1:colcon.colcon_core.package_identification:_identify(build) by extensions ['ignore', 'ignore_ament_install']
[4.527s] Level 1:colcon.colcon_core.package_identification:_identify(build) by extension 'ignore'
[4.527s] Level 1:colcon.colcon_core.package_identification:_identify(build) ignored
[4.527s] Level 1:colcon.colcon_core.package_identification:_identify(install) by extensions ['ignore', 'ignore_ament_install']
[4.527s] Level 1:colcon.colcon_core.package_identification:_identify(install) by extension 'ignore'
[4.528s] Level 1:colcon.colcon_core.package_identification:_identify(install) ignored
[4.528s] Level 1:colcon.colcon_core.package_identification:_identify(log) by extensions ['ignore', 'ignore_ament_install']
[4.528s] Level 1:colcon.colcon_core.package_identification:_identify(log) by extension 'ignore'
[4.528s] Level 1:colcon.colcon_core.package_identification:_identify(log) ignored
[4.528s] Level 1:colcon.colcon_core.package_identification:_identify(src) by extensions ['ignore', 'ignore_ament_install']
[4.528s] Level 1:colcon.colcon_core.package_identification:_identify(src) by extension 'ignore'
[4.528s] Level 1:colcon.colcon_core.package_identification:_identify(src) by extension 'ignore_ament_install'
[4.528s] Level 1:colcon.colcon_core.package_identification:_identify(src) by extensions ['colcon_pkg']
[4.528s] Level 1:colcon.colcon_core.package_identification:_identify(src) by extension 'colcon_pkg'
[4.528s] Level 1:colcon.colcon_core.package_identification:_identify(src) by extensions ['colcon_meta']
[4.528s] Level 1:colcon.colcon_core.package_identification:_identify(src) by extension 'colcon_meta'
[4.528s] Level 1:colcon.colcon_core.package_identification:_identify(src) by extensions ['ros']
[4.528s] Level 1:colcon.colcon_core.package_identification:_identify(src) by extension 'ros'
[4.528s] Level 1:colcon.colcon_core.package_identification:_identify(src) by extensions ['cmake', 'python']
[4.528s] Level 1:colcon.colcon_core.package_identification:_identify(src) by extension 'cmake'
[4.529s] Level 1:colcon.colcon_core.package_identification:_identify(src) by extension 'python'
[4.529s] Level 1:colcon.colcon_core.package_identification:_identify(src) by extensions ['python_setup_py']
[4.529s] Level 1:colcon.colcon_core.package_identification:_identify(src) by extension 'python_setup_py'
[4.529s] Level 1:colcon.colcon_core.package_identification:_identify(src/diffdrive_arduino) by extensions ['ignore', 'ignore_ament_install']
[4.529s] Level 1:colcon.colcon_core.package_identification:_identify(src/diffdrive_arduino) by extension 'ignore'
[4.529s] Level 1:colcon.colcon_core.package_identification:_identify(src/diffdrive_arduino) by extension 'ignore_ament_install'
[4.529s] Level 1:colcon.colcon_core.package_identification:_identify(src/diffdrive_arduino) by extensions ['colcon_pkg']
[4.529s] Level 1:colcon.colcon_core.package_identification:_identify(src/diffdrive_arduino) by extension 'colcon_pkg'
[4.529s] Level 1:colcon.colcon_core.package_identification:_identify(src/diffdrive_arduino) by extensions ['colcon_meta']
[4.529s] Level 1:colcon.colcon_core.package_identification:_identify(src/diffdrive_arduino) by extension 'colcon_meta'
[4.529s] Level 1:colcon.colcon_core.package_identification:_identify(src/diffdrive_arduino) by extensions ['ros']
[4.529s] Level 1:colcon.colcon_core.package_identification:_identify(src/diffdrive_arduino) by extension 'ros'
[4.534s] DEBUG:colcon.colcon_core.package_identification:Package 'src/diffdrive_arduino' with type 'ros.ament_cmake' and name 'diffdrive_arduino'
[4.534s] Level 1:colcon.colcon_core.package_identification:_identify(src/robolab) by extensions ['ignore', 'ignore_ament_install']
[4.534s] Level 1:colcon.colcon_core.package_identification:_identify(src/robolab) by extension 'ignore'
[4.534s] Level 1:colcon.colcon_core.package_identification:_identify(src/robolab) by extension 'ignore_ament_install'
[4.534s] Level 1:colcon.colcon_core.package_identification:_identify(src/robolab) by extensions ['colcon_pkg']
[4.534s] Level 1:colcon.colcon_core.package_identification:_identify(src/robolab) by extension 'colcon_pkg'
[4.535s] Level 1:colcon.colcon_core.package_identification:_identify(src/robolab) by extensions ['colcon_meta']
[4.535s] Level 1:colcon.colcon_core.package_identification:_identify(src/robolab) by extension 'colcon_meta'
[4.535s] Level 1:colcon.colcon_core.package_identification:_identify(src/robolab) by extensions ['ros']
[4.535s] Level 1:colcon.colcon_core.package_identification:_identify(src/robolab) by extension 'ros'
[4.535s] DEBUG:colcon.colcon_core.package_identification:Package 'src/robolab' with type 'ros.ament_cmake' and name 'robolab'
[4.535s] Level 1:colcon.colcon_core.package_identification:_identify(src/serial) by extensions ['ignore', 'ignore_ament_install']
[4.535s] Level 1:colcon.colcon_core.package_identification:_identify(src/serial) by extension 'ignore'
[4.535s] Level 1:colcon.colcon_core.package_identification:_identify(src/serial) by extension 'ignore_ament_install'
[4.536s] Level 1:colcon.colcon_core.package_identification:_identify(src/serial) by extensions ['colcon_pkg']
[4.536s] Level 1:colcon.colcon_core.package_identification:_identify(src/serial) by extension 'colcon_pkg'
[4.536s] Level 1:colcon.colcon_core.package_identification:_identify(src/serial) by extensions ['colcon_meta']
[4.536s] Level 1:colcon.colcon_core.package_identification:_identify(src/serial) by extension 'colcon_meta'
[4.536s] Level 1:colcon.colcon_core.package_identification:_identify(src/serial) by extensions ['ros']
[4.536s] Level 1:colcon.colcon_core.package_identification:_identify(src/serial) by extension 'ros'
[4.536s] DEBUG:colcon.colcon_core.package_identification:Package 'src/serial' with type 'ros.ament_cmake' and name 'serial'
[4.537s] Level 1:colcon.colcon_core.package_identification:_identify(src/serial_motor_demo) by extensions ['ignore', 'ignore_ament_install']
[4.537s] Level 1:colcon.colcon_core.package_identification:_identify(src/serial_motor_demo) by extension 'ignore'
[4.537s] Level 1:colcon.colcon_core.package_identification:_identify(src/serial_motor_demo) by extension 'ignore_ament_install'
[4.537s] Level 1:colcon.colcon_core.package_identification:_identify(src/serial_motor_demo) by extensions ['colcon_pkg']
[4.537s] Level 1:colcon.colcon_core.package_identification:_identify(src/serial_motor_demo) by extension 'colcon_pkg'
[4.537s] Level 1:colcon.colcon_core.package_identification:_identify(src/serial_motor_demo) by extensions ['colcon_meta']
[4.537s] Level 1:colcon.colcon_core.package_identification:_identify(src/serial_motor_demo) by extension 'colcon_meta'
[4.537s] Level 1:colcon.colcon_core.package_identification:_identify(src/serial_motor_demo) by extensions ['ros']
[4.537s] Level 1:colcon.colcon_core.package_identification:_identify(src/serial_motor_demo) by extension 'ros'
[4.537s] Level 1:colcon.colcon_core.package_identification:_identify(src/serial_motor_demo) by extensions ['cmake', 'python']
[4.537s] Level 1:colcon.colcon_core.package_identification:_identify(src/serial_motor_demo) by extension 'cmake'
[4.537s] Level 1:colcon.colcon_core.package_identification:_identify(src/serial_motor_demo) by extension 'python'
[4.537s] Level 1:colcon.colcon_core.package_identification:_identify(src/serial_motor_demo) by extensions ['python_setup_py']
[4.537s] Level 1:colcon.colcon_core.package_identification:_identify(src/serial_motor_demo) by extension 'python_setup_py'
[4.537s] Level 1:colcon.colcon_core.package_identification:_identify(src/serial_motor_demo/serial_motor_demo) by extensions ['ignore', 'ignore_ament_install']
[4.537s] Level 1:colcon.colcon_core.package_identification:_identify(src/serial_motor_demo/serial_motor_demo) by extension 'ignore'
[4.538s] Level 1:colcon.colcon_core.package_identification:_identify(src/serial_motor_demo/serial_motor_demo) by extension 'ignore_ament_install'
[4.538s] Level 1:colcon.colcon_core.package_identification:_identify(src/serial_motor_demo/serial_motor_demo) by extensions ['colcon_pkg']
[4.538s] Level 1:colcon.colcon_core.package_identification:_identify(src/serial_motor_demo/serial_motor_demo) by extension 'colcon_pkg'
[4.538s] Level 1:colcon.colcon_core.package_identification:_identify(src/serial_motor_demo/serial_motor_demo) by extensions ['colcon_meta']
[4.538s] Level 1:colcon.colcon_core.package_identification:_identify(src/serial_motor_demo/serial_motor_demo) by extension 'colcon_meta'
[4.538s] Level 1:colcon.colcon_core.package_identification:_identify(src/serial_motor_demo/serial_motor_demo) by extensions ['ros']
[4.538s] Level 1:colcon.colcon_core.package_identification:_identify(src/serial_motor_demo/serial_motor_demo) by extension 'ros'
[4.539s] DEBUG:colcon.colcon_core.package_identification:Package 'src/serial_motor_demo/serial_motor_demo' with type 'ros.ament_python' and name 'serial_motor_demo'
[4.539s] Level 1:colcon.colcon_core.package_identification:_identify(src/serial_motor_demo/serial_motor_demo_msgs) by extensions ['ignore', 'ignore_ament_install']
[4.540s] Level 1:colcon.colcon_core.package_identification:_identify(src/serial_motor_demo/serial_motor_demo_msgs) by extension 'ignore'
[4.540s] Level 1:colcon.colcon_core.package_identification:_identify(src/serial_motor_demo/serial_motor_demo_msgs) by extension 'ignore_ament_install'
[4.540s] Level 1:colcon.colcon_core.package_identification:_identify(src/serial_motor_demo/serial_motor_demo_msgs) by extensions ['colcon_pkg']
[4.540s] Level 1:colcon.colcon_core.package_identification:_identify(src/serial_motor_demo/serial_motor_demo_msgs) by extension 'colcon_pkg'
[4.540s] Level 1:colcon.colcon_core.package_identification:_identify(src/serial_motor_demo/serial_motor_demo_msgs) by extensions ['colcon_meta']
[4.540s] Level 1:colcon.colcon_core.package_identification:_identify(src/serial_motor_demo/serial_motor_demo_msgs) by extension 'colcon_meta'
[4.540s] Level 1:colcon.colcon_core.package_identification:_identify(src/serial_motor_demo/serial_motor_demo_msgs) by extensions ['ros']
[4.540s] Level 1:colcon.colcon_core.package_identification:_identify(src/serial_motor_demo/serial_motor_demo_msgs) by extension 'ros'
[4.542s] DEBUG:colcon.colcon_core.package_identification:Package 'src/serial_motor_demo/serial_motor_demo_msgs' with type 'ros.ament_cmake' and name 'serial_motor_demo_msgs'
[4.542s] Level 1:colcon.colcon_core.package_discovery:discover_packages(recursive) using defaults
[4.542s] Level 1:colcon.colcon_core.package_discovery:discover_packages(ignore) discover
[4.542s] Level 1:colcon.colcon_core.package_discovery:discover_packages(ignore) using defaults
[4.542s] Level 1:colcon.colcon_core.package_discovery:discover_packages(path) discover
[4.542s] Level 1:colcon.colcon_core.package_discovery:discover_packages(path) using defaults
[4.603s] Level 1:colcon.colcon_core.package_discovery:discover_packages(prefix_path) check parameters
[4.603s] Level 1:colcon.colcon_core.package_discovery:discover_packages(prefix_path) discover
[4.611s] DEBUG:colcon.colcon_installed_package_information.package_discovery:Found 3 installed packages in /home/madi/robolab/install
[4.615s] DEBUG:colcon.colcon_installed_package_information.package_discovery:Found 389 installed packages in /opt/ros/humble
[4.617s] Level 1:colcon.colcon_core.package_discovery:discover_packages(prefix_path) using defaults
[4.785s] Level 5:colcon.colcon_core.verb:set package 'robolab' build argument 'cmake_args' from command line to 'None'
[4.786s] Level 5:colcon.colcon_core.verb:set package 'robolab' build argument 'cmake_target' from command line to 'None'
[4.786s] Level 5:colcon.colcon_core.verb:set package 'robolab' build argument 'cmake_target_skip_unavailable' from command line to 'False'
[4.786s] Level 5:colcon.colcon_core.verb:set package 'robolab' build argument 'cmake_clean_cache' from command line to 'False'
[4.786s] Level 5:colcon.colcon_core.verb:set package 'robolab' build argument 'cmake_clean_first' from command line to 'False'
[4.786s] Level 5:colcon.colcon_core.verb:set package 'robolab' build argument 'cmake_force_configure' from command line to 'False'
[4.786s] Level 5:colcon.colcon_core.verb:set package 'robolab' build argument 'ament_cmake_args' from command line to 'None'
[4.786s] Level 5:colcon.colcon_core.verb:set package 'robolab' build argument 'catkin_cmake_args' from command line to 'None'
[4.786s] Level 5:colcon.colcon_core.verb:set package 'robolab' build argument 'catkin_skip_building_tests' from command line to 'False'
[4.787s] DEBUG:colcon.colcon_core.verb:Building package 'robolab' with the following arguments: {'ament_cmake_args': None, 'build_base': '/home/madi/robolab/build/robolab', 'catkin_cmake_args': None, 'catkin_skip_building_tests': False, 'cmake_args': None, 'cmake_clean_cache': False, 'cmake_clean_first': False, 'cmake_force_configure': False, 'cmake_target': None, 'cmake_target_skip_unavailable': False, 'install_base': '/home/madi/robolab/install/robolab', 'merge_install': False, 'path': '/home/madi/robolab/src/robolab', 'symlink_install': True, 'test_result_base': None}
[4.787s] Level 5:colcon.colcon_core.verb:set package 'serial' build argument 'cmake_args' from command line to 'None'
[4.787s] Level 5:colcon.colcon_core.verb:set package 'serial' build argument 'cmake_target' from command line to 'None'
[4.787s] Level 5:colcon.colcon_core.verb:set package 'serial' build argument 'cmake_target_skip_unavailable' from command line to 'False'
[4.788s] Level 5:colcon.colcon_core.verb:set package 'serial' build argument 'cmake_clean_cache' from command line to 'False'
[4.788s] Level 5:colcon.colcon_core.verb:set package 'serial' build argument 'cmake_clean_first' from command line to 'False'
[4.788s] Level 5:colcon.colcon_core.verb:set package 'serial' build argument 'cmake_force_configure' from command line to 'False'
[4.788s] Level 5:colcon.colcon_core.verb:set package 'serial' build argument 'ament_cmake_args' from command line to 'None'
[4.788s] Level 5:colcon.colcon_core.verb:set package 'serial' build argument 'catkin_cmake_args' from command line to 'None'
[4.788s] Level 5:colcon.colcon_core.verb:set package 'serial' build argument 'catkin_skip_building_tests' from command line to 'False'
[4.788s] DEBUG:colcon.colcon_core.verb:Building package 'serial' with the following arguments: {'ament_cmake_args': None, 'build_base': '/home/madi/robolab/build/serial', 'catkin_cmake_args': None, 'catkin_skip_building_tests': False, 'cmake_args': None, 'cmake_clean_cache': False, 'cmake_clean_first': False, 'cmake_force_configure': False, 'cmake_target': None, 'cmake_target_skip_unavailable': False, 'install_base': '/home/madi/robolab/install/serial', 'merge_install': False, 'path': '/home/madi/robolab/src/serial', 'symlink_install': True, 'test_result_base': None}
[4.789s] Level 5:colcon.colcon_core.verb:set package 'serial_motor_demo_msgs' build argument 'cmake_args' from command line to 'None'
[4.789s] Level 5:colcon.colcon_core.verb:set package 'serial_motor_demo_msgs' build argument 'cmake_target' from command line to 'None'
[4.789s] Level 5:colcon.colcon_core.verb:set package 'serial_motor_demo_msgs' build argument 'cmake_target_skip_unavailable' from command line to 'False'
[4.789s] Level 5:colcon.colcon_core.verb:set package 'serial_motor_demo_msgs' build argument 'cmake_clean_cache' from command line to 'False'
[4.789s] Level 5:colcon.colcon_core.verb:set package 'serial_motor_demo_msgs' build argument 'cmake_clean_first' from command line to 'False'
[4.790s] Level 5:colcon.colcon_core.verb:set package 'serial_motor_demo_msgs' build argument 'cmake_force_configure' from command line to 'False'
[4.790s] Level 5:colcon.colcon_core.verb:set package 'serial_motor_demo_msgs' build argument 'ament_cmake_args' from command line to 'None'
[4.790s] Level 5:colcon.colcon_core.verb:set package 'serial_motor_demo_msgs' build argument 'catkin_cmake_args' from command line to 'None'
[4.790s] Level 5:colcon.colcon_core.verb:set package 'serial_motor_demo_msgs' build argument 'catkin_skip_building_tests' from command line to 'False'
[4.790s] DEBUG:colcon.colcon_core.verb:Building package 'serial_motor_demo_msgs' with the following arguments: {'ament_cmake_args': None, 'build_base': '/home/madi/robolab/build/serial_motor_demo_msgs', 'catkin_cmake_args': None, 'catkin_skip_building_tests': False, 'cmake_args': None, 'cmake_clean_cache': False, 'cmake_clean_first': False, 'cmake_force_configure': False, 'cmake_target': None, 'cmake_target_skip_unavailable': False, 'install_base': '/home/madi/robolab/install/serial_motor_demo_msgs', 'merge_install': False, 'path': '/home/madi/robolab/src/serial_motor_demo/serial_motor_demo_msgs', 'symlink_install': True, 'test_result_base': None}
[4.791s] Level 5:colcon.colcon_core.verb:set package 'diffdrive_arduino' build argument 'cmake_args' from command line to 'None'
[4.791s] Level 5:colcon.colcon_core.verb:set package 'diffdrive_arduino' build argument 'cmake_target' from command line to 'None'
[4.791s] Level 5:colcon.colcon_core.verb:set package 'diffdrive_arduino' build argument 'cmake_target_skip_unavailable' from command line to 'False'
[4.791s] Level 5:colcon.colcon_core.verb:set package 'diffdrive_arduino' build argument 'cmake_clean_cache' from command line to 'False'
[4.791s] Level 5:colcon.colcon_core.verb:set package 'diffdrive_arduino' build argument 'cmake_clean_first' from command line to 'False'
[4.791s] Level 5:colcon.colcon_core.verb:set package 'diffdrive_arduino' build argument 'cmake_force_configure' from command line to 'False'
[4.791s] Level 5:colcon.colcon_core.verb:set package 'diffdrive_arduino' build argument 'ament_cmake_args' from command line to 'None'
[4.791s] Level 5:colcon.colcon_core.verb:set package 'diffdrive_arduino' build argument 'catkin_cmake_args' from command line to 'None'
[4.792s] Level 5:colcon.colcon_core.verb:set package 'diffdrive_arduino' build argument 'catkin_skip_building_tests' from command line to 'False'
[4.792s] DEBUG:colcon.colcon_core.verb:Building package 'diffdrive_arduino' with the following arguments: {'ament_cmake_args': None, 'build_base': '/home/madi/robolab/build/diffdrive_arduino', 'catkin_cmake_args': None, 'catkin_skip_building_tests': False, 'cmake_args': None, 'cmake_clean_cache': False, 'cmake_clean_first': False, 'cmake_force_configure': False, 'cmake_target': None, 'cmake_target_skip_unavailable': False, 'install_base': '/home/madi/robolab/install/diffdrive_arduino', 'merge_install': False, 'path': '/home/madi/robolab/src/diffdrive_arduino', 'symlink_install': True, 'test_result_base': None}
[4.792s] Level 5:colcon.colcon_core.verb:set package 'serial_motor_demo' build argument 'cmake_args' from command line to 'None'
[4.792s] Level 5:colcon.colcon_core.verb:set package 'serial_motor_demo' build argument 'cmake_target' from command line to 'None'
[4.792s] Level 5:colcon.colcon_core.verb:set package 'serial_motor_demo' build argument 'cmake_target_skip_unavailable' from command line to 'False'
[4.792s] Level 5:colcon.colcon_core.verb:set package 'serial_motor_demo' build argument 'cmake_clean_cache' from command line to 'False'
[4.793s] Level 5:colcon.colcon_core.verb:set package 'serial_motor_demo' build argument 'cmake_clean_first' from command line to 'False'
[4.793s] Level 5:colcon.colcon_core.verb:set package 'serial_motor_demo' build argument 'cmake_force_configure' from command line to 'False'
[4.793s] Level 5:colcon.colcon_core.verb:set package 'serial_motor_demo' build argument 'ament_cmake_args' from command line to 'None'
[4.793s] Level 5:colcon.colcon_core.verb:set package 'serial_motor_demo' build argument 'catkin_cmake_args' from command line to 'None'
[4.793s] Level 5:colcon.colcon_core.verb:set package 'serial_motor_demo' build argument 'catkin_skip_building_tests' from command line to 'False'
[4.793s] DEBUG:colcon.colcon_core.verb:Building package 'serial_motor_demo' with the following arguments: {'ament_cmake_args': None, 'build_base': '/home/madi/robolab/build/serial_motor_demo', 'catkin_cmake_args': None, 'catkin_skip_building_tests': False, 'cmake_args': None, 'cmake_clean_cache': False, 'cmake_clean_first': False, 'cmake_force_configure': False, 'cmake_target': None, 'cmake_target_skip_unavailable': False, 'install_base': '/home/madi/robolab/install/serial_motor_demo', 'merge_install': False, 'path': '/home/madi/robolab/src/serial_motor_demo/serial_motor_demo', 'symlink_install': True, 'test_result_base': None}
[4.793s] INFO:colcon.colcon_core.executor:Executing jobs using 'parallel' executor
[4.795s] DEBUG:colcon.colcon_parallel_executor.executor.parallel:run_until_complete
[4.795s] INFO:colcon.colcon_ros.task.ament_cmake.build:Building ROS package in '/home/madi/robolab/src/serial' with build type 'ament_cmake'
[4.796s] INFO:colcon.colcon_cmake.task.cmake.build:Building CMake package in '/home/madi/robolab/src/serial'
[4.806s] INFO:colcon.colcon_core.plugin_system:Skipping extension 'colcon_core.shell.bat': Not used on non-Windows systems
[4.807s] INFO:colcon.colcon_core.shell:Skip shell extension 'powershell' for command environment: Not usable outside of PowerShell
[4.807s] DEBUG:colcon.colcon_core.shell:Skip shell extension 'dsv' for command environment
[4.812s] INFO:colcon.colcon_ros.task.ament_cmake.build:Building ROS package in '/home/madi/robolab/src/serial_motor_demo/serial_motor_demo_msgs' with build type 'ament_cmake'
[4.813s] INFO:colcon.colcon_cmake.task.cmake.build:Building CMake package in '/home/madi/robolab/src/serial_motor_demo/serial_motor_demo_msgs'
[4.813s] INFO:colcon.colcon_core.shell:Skip shell extension 'powershell' for command environment: Not usable outside of PowerShell
[4.813s] DEBUG:colcon.colcon_core.shell:Skip shell extension 'dsv' for command environment
[4.816s] INFO:colcon.colcon_ros.task.ament_cmake.build:Building ROS package in '/home/madi/robolab/src/robolab' with build type 'ament_cmake'
[4.817s] INFO:colcon.colcon_cmake.task.cmake.build:Building CMake package in '/home/madi/robolab/src/robolab'
[4.817s] INFO:colcon.colcon_core.shell:Skip shell extension 'powershell' for command environment: Not usable outside of PowerShell
[4.817s] DEBUG:colcon.colcon_core.shell:Skip shell extension 'dsv' for command environment
[4.834s] DEBUG:colcon.colcon_core.event_handler.log_command:Invoking command in '/home/madi/robolab/build/serial': CMAKE_PREFIX_PATH=${CMAKE_PREFIX_PATH}:/opt/ros/humble /usr/bin/cmake --build /home/madi/robolab/build/serial -- -j4 -l4
[4.840s] DEBUG:colcon.colcon_core.event_handler.log_command:Invoking command in '/home/madi/robolab/build/serial_motor_demo_msgs': CMAKE_PREFIX_PATH=${CMAKE_PREFIX_PATH}:/opt/ros/humble /usr/bin/cmake --build /home/madi/robolab/build/serial_motor_demo_msgs -- -j4 -l4
[4.850s] DEBUG:colcon.colcon_core.event_handler.log_command:Invoking command in '/home/madi/robolab/build/robolab': CMAKE_PREFIX_PATH=${CMAKE_PREFIX_PATH}:/opt/ros/humble /usr/bin/cmake --build /home/madi/robolab/build/robolab -- -j4 -l4
[4.995s] DEBUG:colcon.colcon_core.event_handler.log_command:Invoked command in '/home/madi/robolab/build/robolab' returned '0': CMAKE_PREFIX_PATH=${CMAKE_PREFIX_PATH}:/opt/ros/humble /usr/bin/cmake --build /home/madi/robolab/build/robolab -- -j4 -l4
[5.148s] DEBUG:colcon.colcon_core.event_handler.log_command:Invoking command in '/home/madi/robolab/build/robolab': CMAKE_PREFIX_PATH=${CMAKE_PREFIX_PATH}:/opt/ros/humble /usr/bin/cmake --install /home/madi/robolab/build/robolab
[5.210s] DEBUG:colcon.colcon_core.event_handler.log_command:Invoked command in '/home/madi/robolab/build/serial' returned '0': CMAKE_PREFIX_PATH=${CMAKE_PREFIX_PATH}:/opt/ros/humble /usr/bin/cmake --build /home/madi/robolab/build/serial -- -j4 -l4
[5.275s] Level 1:colcon.colcon_core.environment:create_environment_scripts_only(robolab)
[5.277s] DEBUG:colcon.colcon_core.event_handler.log_command:Invoked command in '/home/madi/robolab/build/robolab' returned '0': CMAKE_PREFIX_PATH=${CMAKE_PREFIX_PATH}:/opt/ros/humble /usr/bin/cmake --install /home/madi/robolab/build/robolab
[5.286s] Level 1:colcon.colcon_core.environment:checking '/home/madi/robolab/install/robolab' for CMake module files
[5.287s] Level 1:colcon.colcon_core.environment:checking '/home/madi/robolab/install/robolab' for CMake config files
[5.288s] Level 1:colcon.colcon_core.shell:create_environment_hook('robolab', 'cmake_prefix_path')
[5.288s] INFO:colcon.colcon_core.shell:Creating environment hook '/home/madi/robolab/install/robolab/share/robolab/hook/cmake_prefix_path.ps1'
[5.291s] INFO:colcon.colcon_core.shell:Creating environment descriptor '/home/madi/robolab/install/robolab/share/robolab/hook/cmake_prefix_path.dsv'
[5.296s] INFO:colcon.colcon_core.shell:Creating environment hook '/home/madi/robolab/install/robolab/share/robolab/hook/cmake_prefix_path.sh'
[5.300s] Level 1:colcon.colcon_core.environment:checking '/home/madi/robolab/install/robolab/bin'
[5.300s] Level 1:colcon.colcon_core.environment:checking '/home/madi/robolab/install/robolab/lib/pkgconfig/robolab.pc'
[5.301s] Level 1:colcon.colcon_core.environment:checking '/home/madi/robolab/install/robolab/lib/python3.10/site-packages'
[5.301s] Level 1:colcon.colcon_core.environment:checking '/home/madi/robolab/install/robolab/bin'
[5.302s] INFO:colcon.colcon_core.shell:Creating package script '/home/madi/robolab/install/robolab/share/robolab/package.ps1'
[5.304s] INFO:colcon.colcon_core.shell:Creating package descriptor '/home/madi/robolab/install/robolab/share/robolab/package.dsv'
[5.306s] INFO:colcon.colcon_core.shell:Creating package script '/home/madi/robolab/install/robolab/share/robolab/package.sh'
[5.309s] INFO:colcon.colcon_core.shell:Creating package script '/home/madi/robolab/install/robolab/share/robolab/package.bash'
[5.313s] INFO:colcon.colcon_core.shell:Creating package script '/home/madi/robolab/install/robolab/share/robolab/package.zsh'
[5.315s] Level 1:colcon.colcon_core.environment:create_file_with_runtime_dependencies(/home/madi/robolab/install/robolab/share/colcon-core/packages/robolab)
[5.364s] Level 1:colcon.colcon_core.environment:create_environment_scripts_only(robolab)
[5.364s] Level 1:colcon.colcon_core.environment:checking '/home/madi/robolab/install/robolab' for CMake module files
[5.365s] Level 1:colcon.colcon_core.environment:checking '/home/madi/robolab/install/robolab' for CMake config files
[5.365s] Level 1:colcon.colcon_core.shell:create_environment_hook('robolab', 'cmake_prefix_path')
[5.366s] INFO:colcon.colcon_core.shell:Creating environment hook '/home/madi/robolab/install/robolab/share/robolab/hook/cmake_prefix_path.ps1'
[5.366s] INFO:colcon.colcon_core.shell:Creating environment descriptor '/home/madi/robolab/install/robolab/share/robolab/hook/cmake_prefix_path.dsv'
[5.367s] INFO:colcon.colcon_core.shell:Creating environment hook '/home/madi/robolab/install/robolab/share/robolab/hook/cmake_prefix_path.sh'
[5.368s] Level 1:colcon.colcon_core.environment:checking '/home/madi/robolab/install/robolab/bin'
[5.368s] Level 1:colcon.colcon_core.environment:checking '/home/madi/robolab/install/robolab/lib/pkgconfig/robolab.pc'
[5.368s] Level 1:colcon.colcon_core.environment:checking '/home/madi/robolab/install/robolab/lib/python3.10/site-packages'
[5.368s] Level 1:colcon.colcon_core.environment:checking '/home/madi/robolab/install/robolab/bin'
[5.368s] INFO:colcon.colcon_core.shell:Creating package script '/home/madi/robolab/install/robolab/share/robolab/package.ps1'
[5.369s] INFO:colcon.colcon_core.shell:Creating package descriptor '/home/madi/robolab/install/robolab/share/robolab/package.dsv'
[5.370s] INFO:colcon.colcon_core.shell:Creating package script '/home/madi/robolab/install/robolab/share/robolab/package.sh'
[5.370s] INFO:colcon.colcon_core.shell:Creating package script '/home/madi/robolab/install/robolab/share/robolab/package.bash'
[5.371s] INFO:colcon.colcon_core.shell:Creating package script '/home/madi/robolab/install/robolab/share/robolab/package.zsh'
[5.372s] Level 1:colcon.colcon_core.environment:create_file_with_runtime_dependencies(/home/madi/robolab/install/robolab/share/colcon-core/packages/robolab)
[5.393s] DEBUG:colcon.colcon_core.event_handler.log_command:Invoking command in '/home/madi/robolab/build/serial': CMAKE_PREFIX_PATH=${CMAKE_PREFIX_PATH}:/opt/ros/humble /usr/bin/cmake --install /home/madi/robolab/build/serial
[5.437s] Level 1:colcon.colcon_core.environment:create_environment_scripts_only(serial)
[5.437s] Level 1:colcon.colcon_core.environment:checking '/home/madi/robolab/install/serial' for CMake module files
[5.437s] Level 1:colcon.colcon_core.environment:checking '/home/madi/robolab/install/serial' for CMake config files
[5.438s] Level 1:colcon.colcon_core.shell:create_environment_hook('serial', 'cmake_prefix_path')
[5.438s] INFO:colcon.colcon_core.shell:Creating environment hook '/home/madi/robolab/install/serial/share/serial/hook/cmake_prefix_path.ps1'
[5.440s] DEBUG:colcon.colcon_core.event_handler.log_command:Invoked command in '/home/madi/robolab/build/serial' returned '0': CMAKE_PREFIX_PATH=${CMAKE_PREFIX_PATH}:/opt/ros/humble /usr/bin/cmake --install /home/madi/robolab/build/serial
[5.441s] INFO:colcon.colcon_core.shell:Creating environment descriptor '/home/madi/robolab/install/serial/share/serial/hook/cmake_prefix_path.dsv'
[5.442s] INFO:colcon.colcon_core.shell:Creating environment hook '/home/madi/robolab/install/serial/share/serial/hook/cmake_prefix_path.sh'
[5.443s] Level 1:colcon.colcon_core.environment:checking '/home/madi/robolab/install/serial/lib'
[5.443s] Level 1:colcon.colcon_core.environment:checking '/home/madi/robolab/install/serial/bin'
[5.443s] Level 1:colcon.colcon_core.environment:checking '/home/madi/robolab/install/serial/lib/pkgconfig/serial.pc'
[5.443s] Level 1:colcon.colcon_core.environment:checking '/home/madi/robolab/install/serial/lib/python3.10/site-packages'
[5.443s] Level 1:colcon.colcon_core.environment:checking '/home/madi/robolab/install/serial/bin'
[5.444s] INFO:colcon.colcon_core.shell:Creating package script '/home/madi/robolab/install/serial/share/serial/package.ps1'
[5.444s] INFO:colcon.colcon_core.shell:Creating package descriptor '/home/madi/robolab/install/serial/share/serial/package.dsv'
[5.445s] INFO:colcon.colcon_core.shell:Creating package script '/home/madi/robolab/install/serial/share/serial/package.sh'
[5.445s] INFO:colcon.colcon_core.shell:Creating package script '/home/madi/robolab/install/serial/share/serial/package.bash'
[5.446s] INFO:colcon.colcon_core.shell:Creating package script '/home/madi/robolab/install/serial/share/serial/package.zsh'
[5.446s] Level 1:colcon.colcon_core.environment:create_file_with_runtime_dependencies(/home/madi/robolab/install/serial/share/colcon-core/packages/serial)
[5.528s] Level 1:colcon.colcon_core.environment:create_environment_scripts_only(serial)
[5.528s] Level 1:colcon.colcon_core.environment:checking '/home/madi/robolab/install/serial' for CMake module files
[5.529s] Level 1:colcon.colcon_core.environment:checking '/home/madi/robolab/install/serial' for CMake config files
[5.529s] Level 1:colcon.colcon_core.shell:create_environment_hook('serial', 'cmake_prefix_path')
[5.529s] INFO:colcon.colcon_core.shell:Creating environment hook '/home/madi/robolab/install/serial/share/serial/hook/cmake_prefix_path.ps1'
[5.530s] INFO:colcon.colcon_core.shell:Creating environment descriptor '/home/madi/robolab/install/serial/share/serial/hook/cmake_prefix_path.dsv'
[5.530s] INFO:colcon.colcon_core.shell:Creating environment hook '/home/madi/robolab/install/serial/share/serial/hook/cmake_prefix_path.sh'
[5.532s] Level 1:colcon.colcon_core.environment:checking '/home/madi/robolab/install/serial/lib'
[5.532s] Level 1:colcon.colcon_core.environment:checking '/home/madi/robolab/install/serial/bin'
[5.532s] Level 1:colcon.colcon_core.environment:checking '/home/madi/robolab/install/serial/lib/pkgconfig/serial.pc'
[5.533s] Level 1:colcon.colcon_core.environment:checking '/home/madi/robolab/install/serial/lib/python3.10/site-packages'
[5.533s] Level 1:colcon.colcon_core.environment:checking '/home/madi/robolab/install/serial/bin'
[5.534s] INFO:colcon.colcon_core.shell:Creating package script '/home/madi/robolab/install/serial/share/serial/package.ps1'
[5.534s] INFO:colcon.colcon_core.shell:Creating package descriptor '/home/madi/robolab/install/serial/share/serial/package.dsv'
[5.535s] INFO:colcon.colcon_core.shell:Creating package script '/home/madi/robolab/install/serial/share/serial/package.sh'
[5.536s] INFO:colcon.colcon_core.shell:Creating package script '/home/madi/robolab/install/serial/share/serial/package.bash'
[5.536s] INFO:colcon.colcon_core.shell:Creating package script '/home/madi/robolab/install/serial/share/serial/package.zsh'
[5.537s] Level 1:colcon.colcon_core.environment:create_file_with_runtime_dependencies(/home/madi/robolab/install/serial/share/colcon-core/packages/serial)
[5.537s] INFO:colcon.colcon_ros.task.ament_cmake.build:Building ROS package in '/home/madi/robolab/src/diffdrive_arduino' with build type 'ament_cmake'
[5.543s] INFO:colcon.colcon_cmake.task.cmake.build:Building CMake package in '/home/madi/robolab/src/diffdrive_arduino'
[5.543s] INFO:colcon.colcon_core.shell:Skip shell extension 'powershell' for command environment: Not usable outside of PowerShell
[5.544s] DEBUG:colcon.colcon_core.shell:Skip shell extension 'dsv' for command environment
[5.565s] DEBUG:colcon.colcon_core.event_handler.log_command:Invoking command in '/home/madi/robolab/build/diffdrive_arduino': CMAKE_PREFIX_PATH=${CMAKE_PREFIX_PATH}:/opt/ros/humble /usr/bin/cmake /home/madi/robolab/src/diffdrive_arduino -DAMENT_CMAKE_SYMLINK_INSTALL=1 -DCMAKE_INSTALL_PREFIX=/home/madi/robolab/install/diffdrive_arduino
[5.661s] DEBUG:colcon.colcon_core.event_handler.log_command:Invoked command in '/home/madi/robolab/build/serial_motor_demo_msgs' returned '0': CMAKE_PREFIX_PATH=${CMAKE_PREFIX_PATH}:/opt/ros/humble /usr/bin/cmake --build /home/madi/robolab/build/serial_motor_demo_msgs -- -j4 -l4
[5.818s] DEBUG:colcon.colcon_core.event_handler.log_command:Invoking command in '/home/madi/robolab/build/serial_motor_demo_msgs': CMAKE_PREFIX_PATH=${CMAKE_PREFIX_PATH}:/opt/ros/humble /usr/bin/cmake --install /home/madi/robolab/build/serial_motor_demo_msgs
[7.119s] Level 1:colcon.colcon_core.environment:create_environment_scripts_only(serial_motor_demo_msgs)
[7.120s] Level 1:colcon.colcon_core.environment:checking '/home/madi/robolab/install/serial_motor_demo_msgs' for CMake module files
[7.124s] DEBUG:colcon.colcon_core.event_handler.log_command:Invoked command in '/home/madi/robolab/build/serial_motor_demo_msgs' returned '0': CMAKE_PREFIX_PATH=${CMAKE_PREFIX_PATH}:/opt/ros/humble /usr/bin/cmake --install /home/madi/robolab/build/serial_motor_demo_msgs
[7.125s] Level 1:colcon.colcon_core.environment:checking '/home/madi/robolab/install/serial_motor_demo_msgs' for CMake config files
[7.126s] Level 1:colcon.colcon_core.shell:create_environment_hook('serial_motor_demo_msgs', 'cmake_prefix_path')
[7.126s] INFO:colcon.colcon_core.shell:Creating environment hook '/home/madi/robolab/install/serial_motor_demo_msgs/share/serial_motor_demo_msgs/hook/cmake_prefix_path.ps1'
[7.127s] INFO:colcon.colcon_core.shell:Creating environment descriptor '/home/madi/robolab/install/serial_motor_demo_msgs/share/serial_motor_demo_msgs/hook/cmake_prefix_path.dsv'
[7.127s] INFO:colcon.colcon_core.shell:Creating environment hook '/home/madi/robolab/install/serial_motor_demo_msgs/share/serial_motor_demo_msgs/hook/cmake_prefix_path.sh'
[7.127s] Level 1:colcon.colcon_core.environment:checking '/home/madi/robolab/install/serial_motor_demo_msgs/lib'
[7.128s] Level 1:colcon.colcon_core.shell:create_environment_hook('serial_motor_demo_msgs', 'ld_library_path_lib')
[7.128s] INFO:colcon.colcon_core.shell:Creating environment hook '/home/madi/robolab/install/serial_motor_demo_msgs/share/serial_motor_demo_msgs/hook/ld_library_path_lib.ps1'
[7.128s] INFO:colcon.colcon_core.shell:Creating environment descriptor '/home/madi/robolab/install/serial_motor_demo_msgs/share/serial_motor_demo_msgs/hook/ld_library_path_lib.dsv'
[7.129s] INFO:colcon.colcon_core.shell:Creating environment hook '/home/madi/robolab/install/serial_motor_demo_msgs/share/serial_motor_demo_msgs/hook/ld_library_path_lib.sh'
[7.129s] Level 1:colcon.colcon_core.environment:checking '/home/madi/robolab/install/serial_motor_demo_msgs/bin'
[7.129s] Level 1:colcon.colcon_core.environment:checking '/home/madi/robolab/install/serial_motor_demo_msgs/lib/pkgconfig/serial_motor_demo_msgs.pc'
[7.130s] Level 1:colcon.colcon_core.environment:checking '/home/madi/robolab/install/serial_motor_demo_msgs/lib/python3.10/site-packages'
[7.130s] Level 1:colcon.colcon_core.environment:checking '/home/madi/robolab/install/serial_motor_demo_msgs/bin'
[7.131s] INFO:colcon.colcon_core.shell:Creating package script '/home/madi/robolab/install/serial_motor_demo_msgs/share/serial_motor_demo_msgs/package.ps1'
[7.132s] INFO:colcon.colcon_core.shell:Creating package descriptor '/home/madi/robolab/install/serial_motor_demo_msgs/share/serial_motor_demo_msgs/package.dsv'
[7.132s] INFO:colcon.colcon_core.shell:Creating package script '/home/madi/robolab/install/serial_motor_demo_msgs/share/serial_motor_demo_msgs/package.sh'
[7.133s] INFO:colcon.colcon_core.shell:Creating package script '/home/madi/robolab/install/serial_motor_demo_msgs/share/serial_motor_demo_msgs/package.bash'
[7.133s] INFO:colcon.colcon_core.shell:Creating package script '/home/madi/robolab/install/serial_motor_demo_msgs/share/serial_motor_demo_msgs/package.zsh'
[7.133s] Level 1:colcon.colcon_core.environment:create_file_with_runtime_dependencies(/home/madi/robolab/install/serial_motor_demo_msgs/share/colcon-core/packages/serial_motor_demo_msgs)
[7.311s] Level 1:colcon.colcon_core.environment:create_environment_scripts_only(serial_motor_demo_msgs)
[7.312s] Level 1:colcon.colcon_core.environment:checking '/home/madi/robolab/install/serial_motor_demo_msgs' for CMake module files
[7.312s] Level 1:colcon.colcon_core.environment:checking '/home/madi/robolab/install/serial_motor_demo_msgs' for CMake config files
[7.313s] Level 1:colcon.colcon_core.shell:create_environment_hook('serial_motor_demo_msgs', 'cmake_prefix_path')
[7.314s] INFO:colcon.colcon_core.shell:Creating environment hook '/home/madi/robolab/install/serial_motor_demo_msgs/share/serial_motor_demo_msgs/hook/cmake_prefix_path.ps1'
[7.315s] INFO:colcon.colcon_core.shell:Creating environment descriptor '/home/madi/robolab/install/serial_motor_demo_msgs/share/serial_motor_demo_msgs/hook/cmake_prefix_path.dsv'
[7.315s] INFO:colcon.colcon_core.shell:Creating environment hook '/home/madi/robolab/install/serial_motor_demo_msgs/share/serial_motor_demo_msgs/hook/cmake_prefix_path.sh'
[7.316s] Level 1:colcon.colcon_core.environment:checking '/home/madi/robolab/install/serial_motor_demo_msgs/lib'
[7.317s] Level 1:colcon.colcon_core.shell:create_environment_hook('serial_motor_demo_msgs', 'ld_library_path_lib')
[7.317s] INFO:colcon.colcon_core.shell:Creating environment hook '/home/madi/robolab/install/serial_motor_demo_msgs/share/serial_motor_demo_msgs/hook/ld_library_path_lib.ps1'
[7.318s] INFO:colcon.colcon_core.shell:Creating environment descriptor '/home/madi/robolab/install/serial_motor_demo_msgs/share/serial_motor_demo_msgs/hook/ld_library_path_lib.dsv'
[7.318s] INFO:colcon.colcon_core.shell:Creating environment hook '/home/madi/robolab/install/serial_motor_demo_msgs/share/serial_motor_demo_msgs/hook/ld_library_path_lib.sh'
[7.319s] Level 1:colcon.colcon_core.environment:checking '/home/madi/robolab/install/serial_motor_demo_msgs/bin'
[7.319s] Level 1:colcon.colcon_core.environment:checking '/home/madi/robolab/install/serial_motor_demo_msgs/lib/pkgconfig/serial_motor_demo_msgs.pc'
[7.320s] Level 1:colcon.colcon_core.environment:checking '/home/madi/robolab/install/serial_motor_demo_msgs/lib/python3.10/site-packages'
[7.320s] Level 1:colcon.colcon_core.environment:checking '/home/madi/robolab/install/serial_motor_demo_msgs/bin'
[7.320s] INFO:colcon.colcon_core.shell:Creating package script '/home/madi/robolab/install/serial_motor_demo_msgs/share/serial_motor_demo_msgs/package.ps1'
[7.321s] INFO:colcon.colcon_core.shell:Creating package descriptor '/home/madi/robolab/install/serial_motor_demo_msgs/share/serial_motor_demo_msgs/package.dsv'
[7.323s] INFO:colcon.colcon_core.shell:Creating package script '/home/madi/robolab/install/serial_motor_demo_msgs/share/serial_motor_demo_msgs/package.sh'
[7.324s] INFO:colcon.colcon_core.shell:Creating package script '/home/madi/robolab/install/serial_motor_demo_msgs/share/serial_motor_demo_msgs/package.bash'
[7.325s] INFO:colcon.colcon_core.shell:Creating package script '/home/madi/robolab/install/serial_motor_demo_msgs/share/serial_motor_demo_msgs/package.zsh'
[7.326s] Level 1:colcon.colcon_core.environment:create_file_with_runtime_dependencies(/home/madi/robolab/install/serial_motor_demo_msgs/share/colcon-core/packages/serial_motor_demo_msgs)
[7.326s] INFO:colcon.colcon_ros.task.ament_python.build:Building ROS package in '/home/madi/robolab/src/serial_motor_demo/serial_motor_demo' with build type 'ament_python'
[7.326s] Level 1:colcon.colcon_core.shell:create_environment_hook('serial_motor_demo', 'ament_prefix_path')
[7.327s] INFO:colcon.colcon_core.shell:Creating environment hook '/home/madi/robolab/install/serial_motor_demo/share/serial_motor_demo/hook/ament_prefix_path.ps1'
[7.329s] INFO:colcon.colcon_core.shell:Creating environment descriptor '/home/madi/robolab/install/serial_motor_demo/share/serial_motor_demo/hook/ament_prefix_path.dsv'
[7.330s] INFO:colcon.colcon_core.shell:Creating environment hook '/home/madi/robolab/install/serial_motor_demo/share/serial_motor_demo/hook/ament_prefix_path.sh'
[7.330s] INFO:colcon.colcon_core.shell:Skip shell extension 'powershell' for command environment: Not usable outside of PowerShell
[7.330s] DEBUG:colcon.colcon_core.shell:Skip shell extension 'dsv' for command environment
[7.678s] INFO:colcon.colcon_core.task.python.build:Building Python package in '/home/madi/robolab/src/serial_motor_demo/serial_motor_demo'
[7.679s] INFO:colcon.colcon_core.shell:Skip shell extension 'powershell' for command environment: Not usable outside of PowerShell
[7.679s] DEBUG:colcon.colcon_core.shell:Skip shell extension 'dsv' for command environment
[8.331s] DEBUG:colcon.colcon_core.event_handler.log_command:Invoking command in '/home/madi/robolab/build/serial_motor_demo': AMENT_PREFIX_PATH=/home/madi/robolab/install/serial_motor_demo_msgs:${AMENT_PREFIX_PATH} CMAKE_PREFIX_PATH=/home/madi/robolab/install/serial_motor_demo_msgs:${CMAKE_PREFIX_PATH} LD_LIBRARY_PATH=/home/madi/robolab/install/serial_motor_demo_msgs/lib:${LD_LIBRARY_PATH} PYTHONPATH=/home/madi/robolab/build/serial_motor_demo/prefix_override:/home/madi/robolab/install/serial_motor_demo/lib/python3.10/site-packages:/home/madi/robolab/install/serial_motor_demo_msgs/local/lib/python3.10/dist-packages:${PYTHONPATH} /usr/bin/python3 -W ignore:setup.py install is deprecated setup.py develop --editable --build-directory /home/madi/robolab/build/serial_motor_demo/build --no-deps symlink_data
[8.909s] Level 1:colcon.colcon_core.shell:create_environment_hook('serial_motor_demo', 'pythonpath_develop')
[8.910s] INFO:colcon.colcon_core.shell:Creating environment hook '/home/madi/robolab/build/serial_motor_demo/share/serial_motor_demo/hook/pythonpath_develop.ps1'
[8.910s] DEBUG:colcon.colcon_core.event_handler.log_command:Invoked command in '/home/madi/robolab/build/serial_motor_demo' returned '0': AMENT_PREFIX_PATH=/home/madi/robolab/install/serial_motor_demo_msgs:${AMENT_PREFIX_PATH} CMAKE_PREFIX_PATH=/home/madi/robolab/install/serial_motor_demo_msgs:${CMAKE_PREFIX_PATH} LD_LIBRARY_PATH=/home/madi/robolab/install/serial_motor_demo_msgs/lib:${LD_LIBRARY_PATH} PYTHONPATH=/home/madi/robolab/build/serial_motor_demo/prefix_override:/home/madi/robolab/install/serial_motor_demo/lib/python3.10/site-packages:/home/madi/robolab/install/serial_motor_demo_msgs/local/lib/python3.10/dist-packages:${PYTHONPATH} /usr/bin/python3 -W ignore:setup.py install is deprecated setup.py develop --editable --build-directory /home/madi/robolab/build/serial_motor_demo/build --no-deps symlink_data
[8.911s] INFO:colcon.colcon_core.shell:Creating environment descriptor '/home/madi/robolab/build/serial_motor_demo/share/serial_motor_demo/hook/pythonpath_develop.dsv'
[8.911s] INFO:colcon.colcon_core.shell:Creating environment hook '/home/madi/robolab/build/serial_motor_demo/share/serial_motor_demo/hook/pythonpath_develop.sh'
[8.911s] Level 1:colcon.colcon_core.environment:checking '/home/madi/robolab/install/serial_motor_demo' for CMake module files
[8.912s] Level 1:colcon.colcon_core.environment:checking '/home/madi/robolab/install/serial_motor_demo' for CMake config files
[8.912s] Level 1:colcon.colcon_core.environment:checking '/home/madi/robolab/install/serial_motor_demo/lib'
[8.912s] Level 1:colcon.colcon_core.environment:checking '/home/madi/robolab/install/serial_motor_demo/bin'
[8.912s] Level 1:colcon.colcon_core.environment:checking '/home/madi/robolab/install/serial_motor_demo/lib/pkgconfig/serial_motor_demo.pc'
[8.912s] Level 1:colcon.colcon_core.environment:checking '/home/madi/robolab/install/serial_motor_demo/lib/python3.10/site-packages'
[8.913s] Level 1:colcon.colcon_core.shell:create_environment_hook('serial_motor_demo', 'pythonpath')
[8.913s] INFO:colcon.colcon_core.shell:Creating environment hook '/home/madi/robolab/install/serial_motor_demo/share/serial_motor_demo/hook/pythonpath.ps1'
[8.913s] INFO:colcon.colcon_core.shell:Creating environment descriptor '/home/madi/robolab/install/serial_motor_demo/share/serial_motor_demo/hook/pythonpath.dsv'
[8.913s] INFO:colcon.colcon_core.shell:Creating environment hook '/home/madi/robolab/install/serial_motor_demo/share/serial_motor_demo/hook/pythonpath.sh'
[8.914s] Level 1:colcon.colcon_core.environment:checking '/home/madi/robolab/install/serial_motor_demo/bin'
[8.914s] Level 1:colcon.colcon_core.environment:create_environment_scripts_only(serial_motor_demo)
[8.914s] INFO:colcon.colcon_core.shell:Creating package script '/home/madi/robolab/install/serial_motor_demo/share/serial_motor_demo/package.ps1'
[8.915s] INFO:colcon.colcon_core.shell:Creating package descriptor '/home/madi/robolab/install/serial_motor_demo/share/serial_motor_demo/package.dsv'
[8.915s] INFO:colcon.colcon_core.shell:Creating package script '/home/madi/robolab/install/serial_motor_demo/share/serial_motor_demo/package.sh'
[8.915s] INFO:colcon.colcon_core.shell:Creating package script '/home/madi/robolab/install/serial_motor_demo/share/serial_motor_demo/package.bash'
[8.916s] INFO:colcon.colcon_core.shell:Creating package script '/home/madi/robolab/install/serial_motor_demo/share/serial_motor_demo/package.zsh'
[8.916s] Level 1:colcon.colcon_core.environment:create_file_with_runtime_dependencies(/home/madi/robolab/install/serial_motor_demo/share/colcon-core/packages/serial_motor_demo)
[9.691s] DEBUG:colcon.colcon_core.event_handler.log_command:Invoked command in '/home/madi/robolab/build/diffdrive_arduino' returned '0': CMAKE_PREFIX_PATH=${CMAKE_PREFIX_PATH}:/opt/ros/humble /usr/bin/cmake /home/madi/robolab/src/diffdrive_arduino -DAMENT_CMAKE_SYMLINK_INSTALL=1 -DCMAKE_INSTALL_PREFIX=/home/madi/robolab/install/diffdrive_arduino
[9.692s] DEBUG:colcon.colcon_core.event_handler.log_command:Invoking command in '/home/madi/robolab/build/diffdrive_arduino': CMAKE_PREFIX_PATH=${CMAKE_PREFIX_PATH}:/opt/ros/humble /usr/bin/cmake --build /home/madi/robolab/build/diffdrive_arduino -- -j4 -l4
[14.056s] DEBUG:colcon.colcon_core.event_handler.log_command:Invoked command in '/home/madi/robolab/build/diffdrive_arduino' returned '2': CMAKE_PREFIX_PATH=${CMAKE_PREFIX_PATH}:/opt/ros/humble /usr/bin/cmake --build /home/madi/robolab/build/diffdrive_arduino -- -j4 -l4
[14.113s] Level 1:colcon.colcon_core.environment:create_environment_scripts_only(diffdrive_arduino)
[14.113s] Level 1:colcon.colcon_core.environment:checking '/home/madi/robolab/install/diffdrive_arduino' for CMake module files
[14.114s] Level 1:colcon.colcon_core.environment:checking '/home/madi/robolab/install/diffdrive_arduino' for CMake config files
[14.114s] Level 1:colcon.colcon_core.environment:checking '/home/madi/robolab/install/diffdrive_arduino/bin'
[14.115s] Level 1:colcon.colcon_core.environment:checking '/home/madi/robolab/install/diffdrive_arduino/lib/pkgconfig/diffdrive_arduino.pc'
[14.115s] Level 1:colcon.colcon_core.environment:checking '/home/madi/robolab/install/diffdrive_arduino/lib/python3.10/site-packages'
[14.115s] Level 1:colcon.colcon_core.environment:checking '/home/madi/robolab/install/diffdrive_arduino/bin'
[14.115s] INFO:colcon.colcon_core.shell:Creating package script '/home/madi/robolab/install/diffdrive_arduino/share/diffdrive_arduino/package.ps1'
[14.116s] INFO:colcon.colcon_core.shell:Creating package descriptor '/home/madi/robolab/install/diffdrive_arduino/share/diffdrive_arduino/package.dsv'
[14.116s] INFO:colcon.colcon_core.shell:Creating package script '/home/madi/robolab/install/diffdrive_arduino/share/diffdrive_arduino/package.sh'
[14.117s] INFO:colcon.colcon_core.shell:Creating package script '/home/madi/robolab/install/diffdrive_arduino/share/diffdrive_arduino/package.bash'
[14.117s] INFO:colcon.colcon_core.shell:Creating package script '/home/madi/robolab/install/diffdrive_arduino/share/diffdrive_arduino/package.zsh'
[14.118s] Level 1:colcon.colcon_core.environment:create_file_with_runtime_dependencies(/home/madi/robolab/install/diffdrive_arduino/share/colcon-core/packages/diffdrive_arduino)
[14.119s] DEBUG:colcon.colcon_parallel_executor.executor.parallel:closing loop
[14.119s] DEBUG:colcon.colcon_parallel_executor.executor.parallel:loop closed
[14.119s] DEBUG:colcon.colcon_parallel_executor.executor.parallel:run_until_complete finished with '2'
[14.119s] DEBUG:colcon.colcon_core.event_reactor:joining thread
[14.142s] INFO:colcon.colcon_core.plugin_system:Skipping extension 'colcon_notification.desktop_notification.terminal_notifier': Not used on non-Darwin systems
[14.142s] INFO:colcon.colcon_core.plugin_system:Skipping extension 'colcon_notification.desktop_notification.win32': Not used on non-Windows systems
[14.142s] INFO:colcon.colcon_notification.desktop_notification:Sending desktop notification using 'notify2'
[14.720s] DEBUG:colcon.colcon_core.event_reactor:joined thread
[14.721s] INFO:colcon.colcon_core.shell:Creating prefix script '/home/madi/robolab/install/local_setup.ps1'
[14.723s] INFO:colcon.colcon_core.shell:Creating prefix util module '/home/madi/robolab/install/_local_setup_util_ps1.py'
[14.725s] INFO:colcon.colcon_core.shell:Creating prefix chain script '/home/madi/robolab/install/setup.ps1'
[14.728s] INFO:colcon.colcon_core.shell:Creating prefix script '/home/madi/robolab/install/local_setup.sh'
[14.730s] INFO:colcon.colcon_core.shell:Creating prefix util module '/home/madi/robolab/install/_local_setup_util_sh.py'
[14.731s] INFO:colcon.colcon_core.shell:Creating prefix chain script '/home/madi/robolab/install/setup.sh'
[14.733s] INFO:colcon.colcon_core.shell:Creating prefix script '/home/madi/robolab/install/local_setup.bash'
[14.735s] INFO:colcon.colcon_core.shell:Creating prefix chain script '/home/madi/robolab/install/setup.bash'
[14.736s] INFO:colcon.colcon_core.shell:Creating prefix script '/home/madi/robolab/install/local_setup.zsh'
[14.737s] INFO:colcon.colcon_core.shell:Creating prefix chain script '/home/madi/robolab/install/setup.zsh'
