[0.027s] Invoking command in '/home/madi/robolab/build/serial': CMAKE_PREFIX_PATH=${CMAKE_PREFIX_PATH}:/home/madi/robolab/install/serial_motor_demo:/opt/ros/humble /usr/bin/cmake --build /home/madi/robolab/build/serial -- -j4 -l4
[0.110s] [ 28%] Built target serial
[0.144s] [ 42%] Built target gtest
[0.167s] [ 57%] Built target gtest_main
[0.205s] [ 71%] Built target serial_example
[0.278s] [ 85%] Built target serial-test
[0.319s] [100%] Built target serial-test-timer
[0.376s] Invoked command in '/home/madi/robolab/build/serial' returned '0': CMAKE_PREFIX_PATH=${CMAKE_PREFIX_PATH}:/home/madi/robolab/install/serial_motor_demo:/opt/ros/humble /usr/bin/cmake --build /home/madi/robolab/build/serial -- -j4 -l4
[0.471s] Invoking command in '/home/madi/robolab/build/serial': CMAKE_PREFIX_PATH=${CMAKE_PREFIX_PATH}:/home/madi/robolab/install/serial_motor_demo:/opt/ros/humble /usr/bin/cmake --install /home/madi/robolab/build/serial
[0.486s] -- Install configuration: ""
[0.486s] -- Execute custom install script
[0.487s] -- Up-to-date symlink: /home/madi/robolab/install/serial/lib/libserial.a
[0.487s] -- Up-to-date symlink: /home/madi/robolab/install/serial/include/serial/serial.h
[0.487s] -- Up-to-date symlink: /home/madi/robolab/install/serial/include/serial/v8stdint.h
[0.487s] -- Up-to-date symlink: /home/madi/robolab/install/serial/share/serial/environment/library_path.sh
[0.488s] -- Up-to-date symlink: /home/madi/robolab/install/serial/share/serial/environment/library_path.dsv
[0.488s] -- Up-to-date symlink: /home/madi/robolab/install/serial/share/ament_index/resource_index/package_run_dependencies/serial
[0.488s] -- Up-to-date symlink: /home/madi/robolab/install/serial/share/ament_index/resource_index/parent_prefix_path/serial
[0.489s] -- Up-to-date symlink: /home/madi/robolab/install/serial/share/serial/environment/ament_prefix_path.sh
[0.489s] -- Up-to-date symlink: /home/madi/robolab/install/serial/share/serial/environment/ament_prefix_path.dsv
[0.489s] -- Up-to-date symlink: /home/madi/robolab/install/serial/share/serial/environment/path.sh
[0.489s] -- Up-to-date symlink: /home/madi/robolab/install/serial/share/serial/environment/path.dsv
[0.489s] -- Up-to-date symlink: /home/madi/robolab/install/serial/share/serial/local_setup.bash
[0.490s] -- Up-to-date symlink: /home/madi/robolab/install/serial/share/serial/local_setup.sh
[0.490s] -- Up-to-date symlink: /home/madi/robolab/install/serial/share/serial/local_setup.zsh
[0.490s] -- Up-to-date symlink: /home/madi/robolab/install/serial/share/serial/local_setup.dsv
[0.490s] -- Symlinking: /home/madi/robolab/install/serial/share/serial/package.dsv
[0.515s] -- Up-to-date symlink: /home/madi/robolab/install/serial/share/ament_index/resource_index/packages/serial
[0.515s] -- Up-to-date symlink: /home/madi/robolab/install/serial/share/serial/cmake/ament_cmake_export_include_directories-extras.cmake
[0.515s] -- Up-to-date symlink: /home/madi/robolab/install/serial/share/serial/cmake/ament_cmake_export_libraries-extras.cmake
[0.517s] -- Up-to-date symlink: /home/madi/robolab/install/serial/share/serial/cmake/serialConfig.cmake
[0.517s] -- Up-to-date symlink: /home/madi/robolab/install/serial/share/serial/cmake/serialConfig-version.cmake
[0.518s] -- Up-to-date symlink: /home/madi/robolab/install/serial/share/serial/package.xml
[0.522s] Invoked command in '/home/madi/robolab/build/serial' returned '0': CMAKE_PREFIX_PATH=${CMAKE_PREFIX_PATH}:/home/madi/robolab/install/serial_motor_demo:/opt/ros/humble /usr/bin/cmake --install /home/madi/robolab/build/serial
