[0.027s] Invoking command in '/home/madi/robolab/build/diffdrive_arduino': CMAKE_PREFIX_PATH=${CMAKE_PREFIX_PATH}:/opt/ros/humble /usr/bin/cmake /home/madi/robolab/src/diffdrive_arduino -DAMENT_CMAKE_SYMLINK_INSTALL=1 -DCMAKE_INSTALL_PREFIX=/home/madi/robolab/install/diffdrive_arduino
[0.048s] -- Found ament_cmake: 1.3.8 (/opt/ros/humble/share/ament_cmake/cmake)
[0.228s] -- Override CMake install command with custom implementation using symlinks instead of copying resources
[0.272s] -- Found serial: 1.2.1 (/home/madi/robolab/install/serial/share/serial/cmake)
[0.276s] -- Found hardware_interface: 2.40.0 (/opt/ros/humble/share/hardware_interface/cmake)
[0.390s] -- Found rosidl_generator_c: 3.1.5 (/opt/ros/humble/share/rosidl_generator_c/cmake)
[0.396s] -- Found rosidl_adapter: 3.1.5 (/opt/ros/humble/share/rosidl_adapter/cmake)
[0.417s] -- Found rosidl_generator_cpp: 3.1.5 (/opt/ros/humble/share/rosidl_generator_cpp/cmake)
[0.455s] -- Using all available rosidl_typesupport_c: rosidl_typesupport_fastrtps_c;rosidl_typesupport_introspection_c
[0.494s] -- Using all available rosidl_typesupport_cpp: rosidl_typesupport_fastrtps_cpp;rosidl_typesupport_introspection_cpp
[1.536s] -- Found rmw_implementation_cmake: 6.1.1 (/opt/ros/humble/share/rmw_implementation_cmake/cmake)
[1.543s] -- Found rmw_fastrtps_cpp: 6.2.6 (/opt/ros/humble/share/rmw_fastrtps_cpp/cmake)
[1.647s] -- Found TinyXML2 via Config file: TinyXML2_DIR-NOTFOUND
[1.738s] -- Found OpenSSL: /usr/lib/x86_64-linux-gnu/libcrypto.so (found version "3.0.2")  
[1.743s] -- Found TinyXML2 via Config file: TinyXML2_DIR-NOTFOUND
[1.761s] -- Found FastRTPS: /opt/ros/humble/include  
[1.772s] -- Found TinyXML2 via Config file: TinyXML2_DIR-NOTFOUND
[1.781s] -- Found TinyXML2 via Config file: TinyXML2_DIR-NOTFOUND
[1.797s] -- Using RMW implementation 'rmw_fastrtps_cpp' as default
[1.822s] -- Looking for pthread.h
[2.088s] -- Looking for pthread.h - found
[2.089s] -- Performing Test CMAKE_HAVE_LIBC_PTHREAD
[2.206s] -- Performing Test CMAKE_HAVE_LIBC_PTHREAD - Success
[2.206s] -- Found Threads: TRUE  
[2.413s] -- Found controller_manager: 2.40.0 (/opt/ros/humble/share/controller_manager/cmake)
[3.947s] -- Configuring done
[4.140s] -- Generating done
[4.142s] -- Build files have been written to: /home/madi/robolab/build/diffdrive_arduino
[4.153s] Invoked command in '/home/madi/robolab/build/diffdrive_arduino' returned '0': CMAKE_PREFIX_PATH=${CMAKE_PREFIX_PATH}:/opt/ros/humble /usr/bin/cmake /home/madi/robolab/src/diffdrive_arduino -DAMENT_CMAKE_SYMLINK_INSTALL=1 -DCMAKE_INSTALL_PREFIX=/home/madi/robolab/install/diffdrive_arduino
[4.154s] Invoking command in '/home/madi/robolab/build/diffdrive_arduino': CMAKE_PREFIX_PATH=${CMAKE_PREFIX_PATH}:/opt/ros/humble /usr/bin/cmake --build /home/madi/robolab/build/diffdrive_arduino -- -j4 -l4
[4.214s] [ 14%] [32mBuilding CXX object CMakeFiles/fake_robot.dir/src/fake_robot.cpp.o[0m
[4.214s] [ 28%] [32mBuilding CXX object CMakeFiles/fake_robot.dir/src/wheel.cpp.o[0m
[4.221s] [ 42%] [32mBuilding CXX object CMakeFiles/diffdrive_arduino.dir/src/wheel.cpp.o[0m
[4.228s] [ 57%] [32mBuilding CXX object CMakeFiles/diffdrive_arduino.dir/src/diffdrive_arduino.cpp.o[0m
[4.912s] [ 71%] [32mBuilding CXX object CMakeFiles/diffdrive_arduino.dir/src/arduino_comms.cpp.o[0m
[4.916s] In file included from [01m[K/home/madi/robolab/src/diffdrive_arduino/src/fake_robot.cpp:1[m[K:
[4.916s] [01m[K/home/madi/robolab/src/diffdrive_arduino/include/diffdrive_arduino/fake_robot.h:7:10:[m[K [01;31m[Kfatal error: [m[Khardware_interface/base_interface.hpp: No such file or directory
[4.917s]     7 | #include [01;31m[K"hardware_interface/base_interface.hpp"[m[K
[4.917s]       |          [01;31m[K^~~~~~~~~~~~~~~~~~~~~~~~~~~~~~~~~~~~~~~[m[K
[4.917s] In file included from [01m[K/home/madi/robolab/src/diffdrive_arduino/src/diffdrive_arduino.cpp:1[m[K:
[4.917s] [01m[K/home/madi/robolab/src/diffdrive_arduino/include/diffdrive_arduino/diffdrive_arduino.h:7:10:[m[K [01;31m[Kfatal error: [m[Khardware_interface/base_interface.hpp: No such file or directory
[4.917s]     7 | #include [01;31m[K"hardware_interface/base_interface.hpp"[m[K
[4.917s]       |          [01;31m[K^~~~~~~~~~~~~~~~~~~~~~~~~~~~~~~~~~~~~~~[m[K
[4.917s] compilation terminated.
[4.917s] compilation terminated.
[4.923s] gmake[2]: *** [CMakeFiles/fake_robot.dir/build.make:76: CMakeFiles/fake_robot.dir/src/fake_robot.cpp.o] Error 1
[4.923s] gmake[1]: *** [CMakeFiles/Makefile2:165: CMakeFiles/fake_robot.dir/all] Error 2
[4.923s] gmake[1]: *** Waiting for unfinished jobs....
[4.924s] gmake[2]: *** [CMakeFiles/diffdrive_arduino.dir/build.make:76: CMakeFiles/diffdrive_arduino.dir/src/diffdrive_arduino.cpp.o] Error 1
[4.924s] gmake[2]: *** Waiting for unfinished jobs....
[8.514s] gmake[1]: *** [CMakeFiles/Makefile2:139: CMakeFiles/diffdrive_arduino.dir/all] Error 2
[8.515s] gmake: *** [Makefile:146: all] Error 2
[8.518s] Invoked command in '/home/madi/robolab/build/diffdrive_arduino' returned '2': CMAKE_PREFIX_PATH=${CMAKE_PREFIX_PATH}:/opt/ros/humble /usr/bin/cmake --build /home/madi/robolab/build/diffdrive_arduino -- -j4 -l4
